<?xml version="1.0" encoding="UTF-8" ?>
<testsuite tests="24" failures="4" name="com.zalando.runner.RunTest" time="1.584" errors="0" skipped="6">
  <properties>
    <property name="java.runtime.name" value="Java(TM) SE Runtime Environment"/>
    <property name="sun.boot.library.path" value="C:\Program Files\Java\jdk1.8.0_65\jre\bin"/>
    <property name="java.vm.version" value="25.65-b01"/>
    <property name="java.vm.vendor" value="Oracle Corporation"/>
    <property name="maven.multiModuleProjectDirectory" value="D:/WorkSpace/ZalandoDemo"/>
    <property name="java.vendor.url" value="http://java.oracle.com/"/>
    <property name="path.separator" value=";"/>
    <property name="guice.disable.misplaced.annotation.check" value="true"/>
    <property name="java.vm.name" value="Java HotSpot(TM) 64-Bit Server VM"/>
    <property name="file.encoding.pkg" value="sun.io"/>
    <property name="user.script" value=""/>
    <property name="user.country" value="US"/>
    <property name="sun.java.launcher" value="SUN_STANDARD"/>
    <property name="sun.os.patch.level" value=""/>
    <property name="java.vm.specification.name" value="Java Virtual Machine Specification"/>
    <property name="user.dir" value="D:\WorkSpace\ZalandoDemo"/>
    <property name="java.runtime.version" value="1.8.0_65-b17"/>
    <property name="java.awt.graphicsenv" value="sun.awt.Win32GraphicsEnvironment"/>
    <property name="java.endorsed.dirs" value="C:\Program Files\Java\jdk1.8.0_65\jre\lib\endorsed"/>
    <property name="os.arch" value="amd64"/>
    <property name="java.io.tmpdir" value="C:\Users\acer\AppData\Local\Temp\"/>
    <property name="line.separator" value="
"/>
    <property name="java.vm.specification.vendor" value="Oracle Corporation"/>
    <property name="user.variant" value=""/>
    <property name="os.name" value="Windows 10"/>
    <property name="classworlds.conf" value="D:/apache-maven-3.5.0/bin/m2.conf"/>
    <property name="sun.jnu.encoding" value="Cp1252"/>
    <property name="java.library.path" value="C:\Program Files\Java\jdk1.8.0_65\bin;C:\WINDOWS\Sun\Java\bin;C:\WINDOWS\system32;C:\WINDOWS;C:\Users\acer\bin;C:\Program Files\Git\mingw64\bin;C:\Program Files\Git\usr\local\bin;C:\Program Files\Git\usr\bin;C:\Program Files\Git\usr\bin;C:\Program Files\Git\mingw64\bin;C:\Program Files\Git\usr\bin;C:\Users\acer\bin;C:\Program Files (x86)\Intel\iCLS Client;C:\Program Files\Intel\iCLS Client;C:\ProgramData\Oracle\Java\javapath;C:\WINDOWS\system32;C:\WINDOWS;C:\WINDOWS\System32\Wbem;C:\WINDOWS\System32\WindowsPowerShell\v1.0;C:\Program Files\Intel\Intel(R) Management Engine Components\DAL;C:\Program Files (x86)\Intel\Intel(R) Management Engine Components\DAL;C:\Program Files\Intel\Intel(R) Management Engine Components\IPT;C:\Program Files (x86)\Intel\Intel(R) Management Engine Components\IPT;C:\Program Files\Acer ProShield;C:\Program Files\Acer ProShield\x86;C:\Program Files\MySQL\MySQL Server 5.5\bin;C:\Program Files (x86)\Skype\Phone;D:\apache-maven-3.5.0\bin;C:\Program Files\Java\jdk1.7.0_25\bin;D:\apache-maven-3.5.0\bin;C:\Users\acer\AppData\Local\Microsoft\WindowsApps;C:\Users\acer\AppData\Local\GitHubDesktop\bin;C:\Program Files\Git\usr\bin\vendor_perl;C:\Program Files\Git\usr\bin\core_perl;."/>
    <property name="maven.conf" value="D:/apache-maven-3.5.0/conf"/>
    <property name="java.specification.name" value="Java Platform API Specification"/>
    <property name="java.class.version" value="52.0"/>
    <property name="sun.management.compiler" value="HotSpot 64-Bit Tiered Compilers"/>
    <property name="os.version" value="10.0"/>
    <property name="library.jansi.path" value="D:\apache-maven-3.5.0\lib\jansi-native\windows64"/>
    <property name="user.home" value="C:\Users\acer"/>
    <property name="user.timezone" value="Asia/Calcutta"/>
    <property name="java.awt.printerjob" value="sun.awt.windows.WPrinterJob"/>
    <property name="java.specification.version" value="1.8"/>
    <property name="file.encoding" value="Cp1252"/>
    <property name="user.name" value="acer"/>
    <property name="java.class.path" value="D:/apache-maven-3.5.0/boot/plexus-classworlds-2.5.2.jar"/>
    <property name="java.vm.specification.version" value="1.8"/>
    <property name="sun.arch.data.model" value="64"/>
    <property name="java.home" value="C:\Program Files\Java\jdk1.8.0_65\jre"/>
    <property name="sun.java.command" value="org.codehaus.plexus.classworlds.launcher.Launcher test"/>
    <property name="java.specification.vendor" value="Oracle Corporation"/>
    <property name="user.language" value="en"/>
    <property name="awt.toolkit" value="sun.awt.windows.WToolkit"/>
    <property name="java.vm.info" value="mixed mode"/>
    <property name="java.version" value="1.8.0_65"/>
    <property name="java.ext.dirs" value="C:\Program Files\Java\jdk1.8.0_65\jre\lib\ext;C:\WINDOWS\Sun\Java\lib\ext"/>
    <property name="sun.boot.class.path" value="C:\Program Files\Java\jdk1.8.0_65\jre\lib\resources.jar;C:\Program Files\Java\jdk1.8.0_65\jre\lib\rt.jar;C:\Program Files\Java\jdk1.8.0_65\jre\lib\sunrsasign.jar;C:\Program Files\Java\jdk1.8.0_65\jre\lib\jsse.jar;C:\Program Files\Java\jdk1.8.0_65\jre\lib\jce.jar;C:\Program Files\Java\jdk1.8.0_65\jre\lib\charsets.jar;C:\Program Files\Java\jdk1.8.0_65\jre\lib\jfr.jar;C:\Program Files\Java\jdk1.8.0_65\jre\classes"/>
    <property name="java.vendor" value="Oracle Corporation"/>
    <property name="maven.home" value="D:\apache-maven-3.5.0"/>
    <property name="file.separator" value="\"/>
    <property name="java.vendor.url.bug" value="http://bugreport.sun.com/bugreport/"/>
    <property name="sun.cpu.endian" value="little"/>
    <property name="sun.io.unicode.encoding" value="UnicodeLittle"/>
    <property name="sun.desktop" value="windows"/>
    <property name="sun.cpu.isalist" value="amd64"/>
  </properties>
  <testcase classname="| DK151H09R-Q11 | 2 |" name="Given login with valid credentials" time="0.006"/>
  <testcase classname="| DK151H09R-Q11 | 2 |" name="Then HomePage should be visible" time="0.001"/>
  <testcase classname="| DK151H09R-Q11 | 2 |" name="Given Go to the Search box and search for DK151H09R-Q11" time="0"/>
  <testcase classname="| DK151H09R-Q11 | 2 |" name="When Add item to the cart" time="0"/>
  <testcase classname="| DK151H09R-Q11 | 2 |" name="And Go to the cart and change the 2 of item" time="0"/>
  <testcase classname="| DK151H09R-Q11 | 2 |" name="And Move the items from the basket to the wishlist" time="0"/>
  <testcase classname="| DK151H09R-Q11 | 2 |" name="Then Verify item is moved to the wishlist" time="0"/>
  <testcase classname="| DK151H09R-Q11 | 2 |" name="| DK151H09R-Q11 | 2 |" time="1.507"/>
  <testcase classname="| DK151H09R-Q11 | 12 |" name="Given login with valid credentials" time="0"/>
  <testcase classname="| DK151H09R-Q11 | 12 |" name="Then HomePage should be visible" time="0"/>
  <testcase classname="| DK151H09R-Q11 | 12 |" name="Given Go to the Search box and search for DK151H09R-Q11" time="0"/>
  <testcase classname="| DK151H09R-Q11 | 12 |" name="When Add item to the cart" time="0"/>
  <testcase classname="| DK151H09R-Q11 | 12 |" name="And Go to the cart and change the 12 of item" time="0.012">
    <failure type="java.lang.AssertionError">java.lang.AssertionError
	at org.junit.Assert.fail(Assert.java:86)
	at org.junit.Assert.fail(Assert.java:95)
	at com.zalando.stepDefinitions.ui.home.ZalandoStepDef.go_to_the_cart_and_change_the_of_item(ZalandoStepDef.java:37)
	at ✽.And Go to the cart and change the 12 of item(Home/Zalando.feature:12)
</failure>
    <system-out>2017-10-22 00:45:14 [com.zalando.ui.home.page.ZalandoPage] ERROR:: Quantity can not be changedorg.openqa.selenium.NoSuchElementException: Cannot locate element with text: 12
For documentation on this error, please visit: http://seleniumhq.org/exceptions/no_such_element.html
Build info: version: &apos;2.53.0&apos;, revision: &apos;35ae25b1534ae328c771e0856c93e187490ca824&apos;, time: &apos;2016-03-15 10:43:46&apos;
System info: host: &apos;DESKTOP-UNF6CTV&apos;, ip: &apos;192.168.1.105&apos;, os.name: &apos;Windows 10&apos;, os.arch: &apos;amd64&apos;, os.version: &apos;10.0&apos;, java.version: &apos;1.8.0_65&apos;
Driver info: driver.version: unknown
</system-out>
  </testcase>
  <testcase classname="| DK151H09R-Q11 | 12 |" name="| DK151H09R-Q11 | 12 |" time="0.017">
    <failure type="java.lang.AssertionError">java.lang.AssertionError
	at org.junit.Assert.fail(Assert.java:86)
	at org.junit.Assert.fail(Assert.java:95)
	at com.zalando.stepDefinitions.ui.home.ZalandoStepDef.go_to_the_cart_and_change_the_of_item(ZalandoStepDef.java:37)
	at ✽.And Go to the cart and change the 12 of item(Home/Zalando.feature:12)
</failure>
  </testcase>
  <testcase classname="| DK151H09R-Q11 | 12 |" name="And Move the items from the basket to the wishlist" time="0.018">
    <skipped/>
  </testcase>
  <testcase classname="| DK151H09R-Q11 | 12 |" name="Then Verify item is moved to the wishlist" time="0.018">
    <skipped/>
  </testcase>
  <testcase classname="| DK151H09R-Q12 | 2 |" name="Given login with valid credentials" time="0"/>
  <testcase classname="| DK151H09R-Q12 | 2 |" name="Then HomePage should be visible" time="0"/>
  <testcase classname="| DK151H09R-Q12 | 2 |" name="Given Go to the Search box and search for DK151H09R-Q12" time="0">
    <failure type="java.lang.AssertionError">java.lang.AssertionError
	at org.junit.Assert.fail(Assert.java:86)
	at org.junit.Assert.fail(Assert.java:95)
	at com.zalando.ui.home.page.ZalandoPage.searchItem(ZalandoPage.java:31)
	at com.zalando.stepDefinitions.ui.home.ZalandoStepDef.go_to_the_Search_box_and_search_for_First(ZalandoStepDef.java:21)
	at ✽.Given Go to the Search box and search for DK151H09R-Q12(Home/Zalando.feature:10)
</failure>
    <system-out>
  Background:                          &amp;#27;[90m# Home/Zalando.feature:4&amp;#27;[0m
    &amp;#27;[32mGiven &amp;#27;[0m&amp;#27;[32mlogin with valid credentials&amp;#27;[0m &amp;#27;[90m# LoginFeatureStepDef.login_with_valid_credentials()&amp;#27;[0m
    &amp;#27;[32mThen &amp;#27;[0m&amp;#27;[32mHomePage should be visible&amp;#27;[0m    &amp;#27;[90m# LoginFeatureStepDef.validateHomePage()&amp;#27;[0m
2017-10-22 00:46:03 [com.zalando.ui.home.page.ZalandoPage] INFO :: Product Not Found
</system-out>
  </testcase>
  <testcase classname="| DK151H09R-Q12 | 2 |" name="| DK151H09R-Q12 | 2 |" time="0">
    <failure type="java.lang.AssertionError">java.lang.AssertionError
	at org.junit.Assert.fail(Assert.java:86)
	at org.junit.Assert.fail(Assert.java:95)
	at com.zalando.ui.home.page.ZalandoPage.searchItem(ZalandoPage.java:31)
	at com.zalando.stepDefinitions.ui.home.ZalandoStepDef.go_to_the_Search_box_and_search_for_First(ZalandoStepDef.java:21)
	at ✽.Given Go to the Search box and search for DK151H09R-Q12(Home/Zalando.feature:10)
</failure>
  </testcase>
  <testcase classname="| DK151H09R-Q12 | 2 |" name="When Add item to the cart" time="0.001">
    <skipped/>
  </testcase>
  <testcase classname="| DK151H09R-Q12 | 2 |" name="And Go to the cart and change the 2 of item" time="0.001">
    <skipped/>
  </testcase>
  <testcase classname="| DK151H09R-Q12 | 2 |" name="And Move the items from the basket to the wishlist" time="0.001">
    <skipped/>
  </testcase>
  <testcase classname="| DK151H09R-Q12 | 2 |" name="Then Verify item is moved to the wishlist" time="0.002">
    <skipped/>
  </testcase>
</testsuite>